<?xml version="1.0" encoding="UTF-8"?>
<!-- Generated by org.testng.reporters.JUnitReportReporter -->
<testsuite hostname="LAPTOP-SU6EK44V" failures="0" tests="1" name="TrelloBoardTests.GetABoard" time="2.373" errors="0" timestamp="2023-07-27T11:00:58 CEST" skipped="0">
  <testcase classname="TrelloBoardTests.GetABoard" name="getBoard" time="2.373"/>
  <system-out/>
</testsuite> <!-- TrelloBoardTests.GetABoard -->
