<?xml version="1.0" encoding="UTF-8"?>
<!-- Generated by org.testng.reporters.JUnitReportReporter -->
<testsuite hostname="LAPTOP-SU6EK44V" failures="0" tests="4" name="TrelloBoardTests.GetBoard" time="2.748" errors="0" timestamp="2023-07-27T11:47:12 CEST" skipped="0">
  <testcase classname="TrelloBoardTests.GetBoard" name="getABoardWithInvalidId" time="0.265"/>
  <system-out/>
  <testcase classname="TrelloBoardTests.GetBoard" name="getABoardWithInvalidToken" time="0.193"/>
  <system-out/>
  <testcase classname="TrelloBoardTests.GetBoard" name="getABoard" time="2.109"/>
  <system-out/>
  <testcase classname="TrelloBoardTests.GetBoard" name="getABoardWithInvalidKey" time="0.181"/>
  <system-out/>
</testsuite> <!-- TrelloBoardTests.GetBoard -->
