<?xml version="1.0" encoding="UTF-8"?>
<!-- Generated by org.testng.reporters.JUnitReportReporter -->
<testsuite hostname="LAPTOP-SU6EK44V" failures="0" tests="1" name="TrelloBoardTests.CreateBoard" time="1.982" errors="0" timestamp="2023-07-27T11:35:12 CEST" skipped="0">
  <testcase classname="TrelloBoardTests.CreateBoard" name="createABoardWithEmptyNameField" time="1.982"/>
  <system-out/>
</testsuite> <!-- TrelloBoardTests.CreateBoard -->
